<?xml version="1.0" encoding="UTF-8"?>
<!-- Generated by org.testng.reporters.JUnitReportReporter -->
<testsuite hostname="DESKTOP-LMC73U4" failures="0" tests="2" name="com.mercury.Register" time="8.505" errors="0" timestamp="2021-08-03T14:47:18 IST" skipped="0">
  <testcase classname="com.mercury.Register" name="m1" time="1.944"/>
  <system-out/>
  <testcase classname="com.mercury.Register" name="login" time="6.561"/>
  <system-out/>
</testsuite> <!-- com.mercury.Register -->
