<?xml version="1.0" encoding="UTF-8"?>
<!-- Generated by org.testng.reporters.JUnitReportReporter -->
<testsuite hostname="DESKTOP-LMC73U4" failures="0" tests="2" name="com.mercury.Mercury" time="7.068" errors="0" timestamp="2021-08-04T09:05:42 IST" skipped="0">
  <testcase classname="com.mercury.Mercury" name="f" time="2.886"/>
  <system-out/>
  <testcase classname="com.mercury.Mercury" name="login" time="4.182"/>
  <system-out/>
</testsuite> <!-- com.mercury.Mercury -->
