<?xml version="1.0" encoding="UTF-8"?>
<!-- Generated by org.testng.reporters.JUnitReportReporter -->
<testsuite hostname="DESKTOP-LMC73U4" failures="0" tests="1" name="com.mercury.Login" time="3.240" errors="0" timestamp="2021-08-02T20:42:11 IST" skipped="0">
  <testcase classname="com.mercury.Login" name="m" time="3.240"/>
  <system-out/>
</testsuite> <!-- com.mercury.Login -->
